Cocos2d: 
<dict>
	cocos2d.x.version: 2.2.1
	cocos2d.x.compiled_with_profiler: false
	cocos2d.x.compiled_with_gl_state_cache: true
	gl.vendor: NVIDIA Corporation
	gl.renderer: NVIDIA GeForce GT 650M OpenGL Engine
	gl.version: 2.1 NVIDIA-8.24.9 310.40.25f01
	gl.max_texture_size: 16384
	gl.max_texture_units: 16
	gl.supports_PVRTC: false
	gl.supports_NPOT: true
	gl.supports_BGRA8888: false
	gl.supports_discard_framebuffer: false
	gl.supports_vertex_array_object: true
</dict>
Cocos2d: lua_loadChunksFromZIP() - load zip file: /Users/md103/Documents/Quick-X/quick-cocos2d-x/lib/framework_precompiled/framework_precompiled.zip
Cocos2d: lua_loadChunksFromZIP() - loaded chunks count: 60
Cocos2d: ------------------------------------------------
Cocos2d: LOAD LUA FILE: /Users/md103/Documents/Lua/github/tableView/tableview/scripts/main.lua
Cocos2d: ------------------------------------------------
Cocos2d: [0.0122] [INFO] 
Cocos2d: [0.0122] [INFO] # DEBUG                        = 2
Cocos2d: [0.0122] [INFO] #
Cocos2d: [0.0123] [INFO] # device.platform              = mac
Cocos2d: [0.0123] [INFO] # device.model                 = unknown
Cocos2d: [0.0123] [INFO] # device.language              = en
Cocos2d: [0.0123] [INFO] # device.writablePath          = /Users/md103/Documents/Lua/github/tableView/tableview/
Cocos2d: [0.0123] [INFO] # device.cachePath             = /Users/md103/Documents/Lua/github/tableView/tableview/
Cocos2d: [0.0123] [INFO] # device.directorySeparator    = /
Cocos2d: [0.0123] [INFO] # device.pathSeparator         = :
Cocos2d: [0.0123] [INFO] #
Cocos2d: [0.0141] [INFO] # CONFIG_SCREEN_AUTOSCALE      = FIXED_WIDTH
Cocos2d: [0.0141] [INFO] # CONFIG_SCREEN_WIDTH          = 640.00
Cocos2d: [0.0141] [INFO] # CONFIG_SCREEN_HEIGHT         = 960.00
Cocos2d: [0.0141] [INFO] # display.widthInPixels        = 640.00
Cocos2d: [0.0141] [INFO] # display.heightInPixels       = 960.00
Cocos2d: [0.0141] [INFO] # display.contentScaleFactor   = 1.00
Cocos2d: [0.0141] [INFO] # display.width                = 640.00
Cocos2d: [0.0141] [INFO] # display.height               = 960.00
Cocos2d: [0.0141] [INFO] # display.cx                   = 320.00
Cocos2d: [0.0141] [INFO] # display.cy                   = 480.00
Cocos2d: [0.0141] [INFO] # display.left                 = 0.00
Cocos2d: [0.0141] [INFO] # display.right                = 640.00
Cocos2d: [0.0142] [INFO] # display.top                  = 960.00
Cocos2d: [0.0142] [INFO] # display.bottom               = 0.00
Cocos2d: [0.0142] [INFO] # display.c_left               = -320.00
Cocos2d: [0.0142] [INFO] # display.c_right              = 320.00
Cocos2d: [0.0142] [INFO] # display.c_top                = 480.00
Cocos2d: [0.0142] [INFO] # display.c_bottom             = -480.00
Cocos2d: [0.0142] [INFO] #
Cocos2d: [0.1095] [INFO] Scene "MainScene:onEnter()"
Cocos2d: [0.1097] scrollViewDidScroll
Cocos2d: [0.1175] scrollViewDidScroll
Cocos2d: OpenGL error 0x0506 in /Users/dualface/Documents/Games/quick-cocos2d-x/lib/cocos2d-x/cocos2dx/sprite_nodes/CCSprite.cpp draw 585

Cocos2d: OpenGL error 0x0506 in /Users/dualface/Documents/Games/quick-cocos2d-x/lib/cocos2d-x/cocos2dx/sprite_nodes/CCSprite.cpp draw 585

Cocos2d: OpenGL error 0x0506 in /Users/dualface/Documents/Games/quick-cocos2d-x/lib/cocos2d-x/cocos2dx/sprite_nodes/CCSprite.cpp draw 585

Cocos2d: OpenGL error 0x0506 in /Users/dualface/Documents/Games/quick-cocos2d-x/lib/cocos2d-x/cocos2dx/sprite_nodes/CCSprite.cpp draw 585

Cocos2d: OpenGL error 0x0506 in /Users/dualface/Documents/Games/quick-cocos2d-x/lib/cocos2d-x/cocos2dx/sprite_nodes/CCSprite.cpp draw 585

Cocos2d: OpenGL error 0x0506 in /Users/dualface/Documents/Games/quick-cocos2d-x/lib/cocos2d-x/cocos2dx/sprite_nodes/CCSprite.cpp draw 585

Cocos2d: OpenGL error 0x0506 in /Users/dualface/Documents/Games/quick-cocos2d-x/lib/cocos2d-x/cocos2dx/sprite_nodes/CCSprite.cpp draw 585

Cocos2d: OpenGL error 0x0506 in /Users/dualface/Documents/Games/quick-cocos2d-x/lib/cocos2d-x/cocos2dx/sprite_nodes/CCSprite.cpp draw 585

Cocos2d: OpenGL error 0x0506 in /Users/dualface/Documents/Games/quick-cocos2d-x/lib/cocos2d-x/cocos2dx/sprite_nodes/CCSprite.cpp draw 585

Cocos2d: OpenGL error 0x0506 in /Users/dualface/Documents/Games/quick-cocos2d-x/lib/cocos2d-x/cocos2dx/sprite_nodes/CCSprite.cpp draw 585

Cocos2d: OpenGL error 0x0506 in /Users/dualface/Documents/Games/quick-cocos2d-x/lib/cocos2d-x/cocos2dx/sprite_nodes/CCSprite.cpp draw 585

Cocos2d: OpenGL error 0x0506 in /Users/dualface/Documents/Games/quick-cocos2d-x/lib/cocos2d-x/cocos2dx/sprite_nodes/CCSprite.cpp draw 585

Cocos2d: OpenGL error 0x0506 in /Users/dualface/Documents/Games/quick-cocos2d-x/lib/cocos2d-x/cocos2dx/sprite_nodes/CCSprite.cpp draw 585

Cocos2d: OpenGL error 0x0506 in /Users/dualface/Documents/Games/quick-cocos2d-x/lib/cocos2d-x/cocos2dx/textures/CCTextureAtlas.cpp drawNumberOfQuads 686

Cocos2d: OpenGL error 0x0506 in /Users/dualface/Documents/Games/quick-cocos2d-x/lib/cocos2d-x/cocos2dx/textures/CCTextureAtlas.cpp drawNumberOfQuads 686

Cocos2d: OpenGL error 0x0506 in /Users/dualface/Documents/Games/quick-cocos2d-x/lib/cocos2d-x/cocos2dx/textures/CCTextureAtlas.cpp drawNumberOfQuads 686

Cocos2d: OpenGL error 0x0506 in /Users/dualface/Documents/Games/quick-cocos2d-x/lib/cocos2d-x/cocos2dx/sprite_nodes/CCSprite.cpp draw 585

Cocos2d: OpenGL error 0x0506 in /Users/dualface/Documents/Games/quick-cocos2d-x/lib/cocos2d-x/cocos2dx/sprite_nodes/CCSprite.cpp draw 585

Cocos2d: OpenGL error 0x0506 in /Users/dualface/Documents/Games/quick-cocos2d-x/lib/cocos2d-x/cocos2dx/sprite_nodes/CCSprite.cpp draw 585

Cocos2d: OpenGL error 0x0506 in /Users/dualface/Documents/Games/quick-cocos2d-x/lib/cocos2d-x/cocos2dx/sprite_nodes/CCSprite.cpp draw 585

Cocos2d: OpenGL error 0x0506 in /Users/dualface/Documents/Games/quick-cocos2d-x/lib/cocos2d-x/cocos2dx/sprite_nodes/CCSprite.cpp draw 585

Cocos2d: OpenGL error 0x0506 in /Users/dualface/Documents/Games/quick-cocos2d-x/lib/cocos2d-x/cocos2dx/sprite_nodes/CCSprite.cpp draw 585

Cocos2d: OpenGL error 0x0506 in /Users/dualface/Documents/Games/quick-cocos2d-x/lib/cocos2d-x/cocos2dx/sprite_nodes/CCSprite.cpp draw 585

Cocos2d: OpenGL error 0x0506 in /Users/dualface/Documents/Games/quick-cocos2d-x/lib/cocos2d-x/cocos2dx/sprite_nodes/CCSprite.cpp draw 585

Cocos2d: OpenGL error 0x0506 in /Users/dualface/Documents/Games/quick-cocos2d-x/lib/cocos2d-x/cocos2dx/sprite_nodes/CCSprite.cpp draw 585

Cocos2d: OpenGL error 0x0506 in /Users/dualface/Documents/Games/quick-cocos2d-x/lib/cocos2d-x/cocos2dx/sprite_nodes/CCSprite.cpp draw 585

Cocos2d: OpenGL error 0x0506 in /Users/dualface/Documents/Games/quick-cocos2d-x/lib/cocos2d-x/cocos2dx/sprite_nodes/CCSprite.cpp draw 585

Cocos2d: OpenGL error 0x0506 in /Users/dualface/Documents/Games/quick-cocos2d-x/lib/cocos2d-x/cocos2dx/sprite_nodes/CCSprite.cpp draw 585

Cocos2d: OpenGL error 0x0506 in /Users/dualface/Documents/Games/quick-cocos2d-x/lib/cocos2d-x/cocos2dx/sprite_nodes/CCSprite.cpp draw 585

Cocos2d: OpenGL error 0x0506 in /Users/dualface/Documents/Games/quick-cocos2d-x/lib/cocos2d-x/cocos2dx/textures/CCTextureAtlas.cpp drawNumberOfQuads 686

Cocos2d: OpenGL error 0x0506 in /Users/dualface/Documents/Games/quick-cocos2d-x/lib/cocos2d-x/cocos2dx/textures/CCTextureAtlas.cpp drawNumberOfQuads 686

Cocos2d: OpenGL error 0x0506 in /Users/dualface/Documents/Games/quick-cocos2d-x/lib/cocos2d-x/cocos2dx/textures/CCTextureAtlas.cpp drawNumberOfQuads 686

Cocos2d: OpenGL error 0x0506 in /Users/dualface/Documents/Games/quick-cocos2d-x/lib/cocos2d-x/cocos2dx/sprite_nodes/CCSprite.cpp draw 585

Cocos2d: OpenGL error 0x0506 in /Users/dualface/Documents/Games/quick-cocos2d-x/lib/cocos2d-x/cocos2dx/sprite_nodes/CCSprite.cpp draw 585

Cocos2d: OpenGL error 0x0506 in /Users/dualface/Documents/Games/quick-cocos2d-x/lib/cocos2d-x/cocos2dx/sprite_nodes/CCSprite.cpp draw 585

Cocos2d: OpenGL error 0x0506 in /Users/dualface/Documents/Games/quick-cocos2d-x/lib/cocos2d-x/cocos2dx/sprite_nodes/CCSprite.cpp draw 585

Cocos2d: OpenGL error 0x0506 in /Users/dualface/Documents/Games/quick-cocos2d-x/lib/cocos2d-x/cocos2dx/sprite_nodes/CCSprite.cpp draw 585

Cocos2d: OpenGL error 0x0506 in /Users/dualface/Documents/Games/quick-cocos2d-x/lib/cocos2d-x/cocos2dx/sprite_nodes/CCSprite.cpp draw 585

Cocos2d: OpenGL error 0x0506 in /Users/dualface/Documents/Games/quick-cocos2d-x/lib/cocos2d-x/cocos2dx/sprite_nodes/CCSprite.cpp draw 585

Cocos2d: OpenGL error 0x0506 in /Users/dualface/Documents/Games/quick-cocos2d-x/lib/cocos2d-x/cocos2dx/sprite_nodes/CCSprite.cpp draw 585

Cocos2d: OpenGL error 0x0506 in /Users/dualface/Documents/Games/quick-cocos2d-x/lib/cocos2d-x/cocos2dx/sprite_nodes/CCSprite.cpp draw 585

Cocos2d: OpenGL error 0x0506 in /Users/dualface/Documents/Games/quick-cocos2d-x/lib/cocos2d-x/cocos2dx/sprite_nodes/CCSprite.cpp draw 585

Cocos2d: OpenGL error 0x0506 in /Users/dualface/Documents/Games/quick-cocos2d-x/lib/cocos2d-x/cocos2dx/sprite_nodes/CCSprite.cpp draw 585

Cocos2d: OpenGL error 0x0506 in /Users/dualface/Documents/Games/quick-cocos2d-x/lib/cocos2d-x/cocos2dx/sprite_nodes/CCSprite.cpp draw 585

Cocos2d: OpenGL error 0x0506 in /Users/dualface/Documents/Games/quick-cocos2d-x/lib/cocos2d-x/cocos2dx/sprite_nodes/CCSprite.cpp draw 585

Cocos2d: OpenGL error 0x0506 in /Users/dualface/Documents/Games/quick-cocos2d-x/lib/cocos2d-x/cocos2dx/textures/CCTextureAtlas.cpp drawNumberOfQuads 686

Cocos2d: OpenGL error 0x0506 in /Users/dualface/Documents/Games/quick-cocos2d-x/lib/cocos2d-x/cocos2dx/textures/CCTextureAtlas.cpp drawNumberOfQuads 686

Cocos2d: OpenGL error 0x0506 in /Users/dualface/Documents/Games/quick-cocos2d-x/lib/cocos2d-x/cocos2dx/textures/CCTextureAtlas.cpp drawNumberOfQuads 686

Cocos2d: OpenGL error 0x0506 in /Users/dualface/Documents/Games/quick-cocos2d-x/lib/cocos2d-x/cocos2dx/sprite_nodes/CCSprite.cpp draw 585

Cocos2d: OpenGL error 0x0506 in /Users/dualface/Documents/Games/quick-cocos2d-x/lib/cocos2d-x/cocos2dx/sprite_nodes/CCSprite.cpp draw 585

Cocos2d: OpenGL error 0x0506 in /Users/dualface/Documents/Games/quick-cocos2d-x/lib/cocos2d-x/cocos2dx/sprite_nodes/CCSprite.cpp draw 585

Cocos2d: OpenGL error 0x0506 in /Users/dualface/Documents/Games/quick-cocos2d-x/lib/cocos2d-x/cocos2dx/sprite_nodes/CCSprite.cpp draw 585

Cocos2d: OpenGL error 0x0506 in /Users/dualface/Documents/Games/quick-cocos2d-x/lib/cocos2d-x/cocos2dx/sprite_nodes/CCSprite.cpp draw 585

Cocos2d: OpenGL error 0x0506 in /Users/dualface/Documents/Games/quick-cocos2d-x/lib/cocos2d-x/cocos2dx/sprite_nodes/CCSprite.cpp draw 585

Cocos2d: OpenGL error 0x0506 in /Users/dualface/Documents/Games/quick-cocos2d-x/lib/cocos2d-x/cocos2dx/sprite_nodes/CCSprite.cpp draw 585

Cocos2d: OpenGL error 0x0506 in /Users/dualface/Documents/Games/quick-cocos2d-x/lib/cocos2d-x/cocos2dx/sprite_nodes/CCSprite.cpp draw 585

Cocos2d: OpenGL error 0x0506 in /Users/dualface/Documents/Games/quick-cocos2d-x/lib/cocos2d-x/cocos2dx/sprite_nodes/CCSprite.cpp draw 585

Cocos2d: OpenGL error 0x0506 in /Users/dualface/Documents/Games/quick-cocos2d-x/lib/cocos2d-x/cocos2dx/sprite_nodes/CCSprite.cpp draw 585

Cocos2d: OpenGL error 0x0506 in /Users/dualface/Documents/Games/quick-cocos2d-x/lib/cocos2d-x/cocos2dx/sprite_nodes/CCSprite.cpp draw 585

Cocos2d: OpenGL error 0x0506 in /Users/dualface/Documents/Games/quick-cocos2d-x/lib/cocos2d-x/cocos2dx/sprite_nodes/CCSprite.cpp draw 585

Cocos2d: OpenGL error 0x0506 in /Users/dualface/Documents/Games/quick-cocos2d-x/lib/cocos2d-x/cocos2dx/sprite_nodes/CCSprite.cpp draw 585

Cocos2d: OpenGL error 0x0506 in /Users/dualface/Documents/Games/quick-cocos2d-x/lib/cocos2d-x/cocos2dx/textures/CCTextureAtlas.cpp drawNumberOfQuads 686

Cocos2d: OpenGL error 0x0506 in /Users/dualface/Documents/Games/quick-cocos2d-x/lib/cocos2d-x/cocos2dx/textures/CCTextureAtlas.cpp drawNumberOfQuads 686

Cocos2d: OpenGL error 0x0506 in /Users/dualface/Documents/Games/quick-cocos2d-x/lib/cocos2d-x/cocos2dx/textures/CCTextureAtlas.cpp drawNumberOfQuads 686

